400000
400004
400008
40000c
400010
400014
go to addi
[2] = [0]{0} + [9] 
[2]: 9 
400018
go to addi
[4] = [0]{0} + [16] 
[4]: 16 
40001c
400020
go to addu
[17] = [0]{0} + [2]{5242960} 
[17]=5242960 
400024
go to addu
[4] = [0]{0} + [2]{5242960} 
[4]=5242960 
400028
go to addu
[5] = [0]{0} + [19]{5242880} 
[5]=5242880 
40002c
go to addu
[6] = [0]{0} + [16]{13} 
[6]=13 
400030
400090
go to addi
[15] = [6]{13} + [-4] 
[15]: 9 
400094
target_offset: -40 
reg_valuesp[15]: 9 
400098
40009c
4000a0
4000a4
4000a8
4000c8
